c:\users\sai narayan\documents\visual studio 2015\projects\physicsframework\physicsframework\x64\release\vc140.pdb
c:\users\sai narayan\documents\visual studio 2015\projects\physicsframework\physicsframework\x64\release\windowmenubarwidget.obj
c:\users\sai narayan\documents\visual studio 2015\projects\physicsframework\physicsframework\x64\release\windowmanager.obj
c:\users\sai narayan\documents\visual studio 2015\projects\physicsframework\physicsframework\x64\release\wavesolver.obj
c:\users\sai narayan\documents\visual studio 2015\projects\physicsframework\physicsframework\x64\release\inputmanager.obj
c:\users\sai narayan\documents\visual studio 2015\projects\physicsframework\physicsframework\x64\release\imguimanager.obj
c:\users\sai narayan\documents\visual studio 2015\projects\physicsframework\physicsframework\x64\release\enginestatemanager.obj
c:\users\sai narayan\documents\visual studio 2015\projects\physicsframework\physicsframework\x64\release\engine.obj
c:\users\sai narayan\documents\visual studio 2015\projects\physicsframework\physicsframework\x64\release\debugsettingswidget.obj
c:\users\sai narayan\documents\visual studio 2015\projects\physicsframework\physicsframework\x64\release\arrow.obj
c:\users\sai narayan\documents\visual studio 2015\projects\physicsframework\physicsframework\x64\release\primitive.obj
c:\users\sai narayan\documents\visual studio 2015\projects\physicsframework\physicsframework\x64\release\physicsmanager.obj
c:\users\sai narayan\documents\visual studio 2015\projects\physicsframework\physicsframework\x64\release\physics.obj
c:\users\sai narayan\documents\visual studio 2015\projects\physicsframework\physicsframework\x64\release\object.obj
c:\users\sai narayan\documents\visual studio 2015\projects\physicsframework\physicsframework\x64\release\mesh.obj
c:\users\sai narayan\documents\visual studio 2015\projects\physicsframework\physicsframework\x64\release\main.obj
c:\users\sai narayan\documents\visual studio 2015\projects\physicsframework\physicsframework\x64\release\gameobjectfactory.obj
c:\users\sai narayan\documents\visual studio 2015\projects\physicsframework\physicsframework\x64\release\gameobject.obj
c:\users\sai narayan\documents\visual studio 2015\projects\physicsframework\physicsframework\x64\release\frameratecontroller.obj
c:\users\sai narayan\documents\visual studio 2015\projects\physicsframework\physicsframework\x64\release\event.obj
c:\users\sai narayan\documents\visual studio 2015\projects\physicsframework\physicsframework\x64\release\debugfactory.obj
c:\users\sai narayan\documents\visual studio 2015\projects\physicsframework\physicsframework\x64\release\controller.obj
c:\users\sai narayan\documents\visual studio 2015\projects\physicsframework\physicsframework\x64\release\component.obj
c:\users\sai narayan\documents\visual studio 2015\projects\physicsframework\physicsframework\x64\release\camera.obj
c:\users\sai narayan\documents\visual studio 2015\projects\physicsframework\physicsframework\x64\release\worldoutlinerwidget.obj
c:\users\sai narayan\documents\visual studio 2015\projects\physicsframework\physicsframework\x64\release\utilityfunctions.obj
c:\users\sai narayan\documents\visual studio 2015\projects\physicsframework\physicsframework\x64\release\transform.obj
c:\users\sai narayan\documents\visual studio 2015\projects\physicsframework\physicsframework\x64\release\subject.obj
c:\users\sai narayan\documents\visual studio 2015\projects\physicsframework\physicsframework\x64\release\shaderprogram.obj
c:\users\sai narayan\documents\visual studio 2015\projects\physicsframework\physicsframework\x64\release\resourcemanager.obj
c:\users\sai narayan\documents\visual studio 2015\projects\physicsframework\physicsframework\x64\release\renderer.obj
c:\users\sai narayan\documents\visual studio 2015\projects\physicsframework\physicsframework\x64\release\sprite.obj
c:\users\sai narayan\documents\visual studio 2015\projects\physicsframework\physicsframework\x64\release\resource.obj
c:\users\sai narayan\documents\visual studio 2015\projects\physicsframework\x64\release\physicsframework.exe
c:\users\sai narayan\documents\visual studio 2015\projects\physicsframework\x64\release\physicsframework.ipdb
c:\users\sai narayan\documents\visual studio 2015\projects\physicsframework\x64\release\physicsframework.iobj
c:\users\sai narayan\documents\visual studio 2015\projects\physicsframework\x64\release\physicsframework.pdb
c:\users\sai narayan\documents\visual studio 2015\projects\physicsframework\physicsframework\x64\release\physicsframework.res
c:\users\sai narayan\documents\visual studio 2015\projects\physicsframework\physicsframework\x64\release\physicsframework.tlog\cl.command.1.tlog
c:\users\sai narayan\documents\visual studio 2015\projects\physicsframework\physicsframework\x64\release\physicsframework.tlog\cl.read.1.tlog
c:\users\sai narayan\documents\visual studio 2015\projects\physicsframework\physicsframework\x64\release\physicsframework.tlog\cl.write.1.tlog
c:\users\sai narayan\documents\visual studio 2015\projects\physicsframework\physicsframework\x64\release\physicsframework.tlog\link.command.1.tlog
c:\users\sai narayan\documents\visual studio 2015\projects\physicsframework\physicsframework\x64\release\physicsframework.tlog\link.read.1.tlog
c:\users\sai narayan\documents\visual studio 2015\projects\physicsframework\physicsframework\x64\release\physicsframework.tlog\link.write.1.tlog
c:\users\sai narayan\documents\visual studio 2015\projects\physicsframework\physicsframework\x64\release\physicsframework.tlog\rc.command.1.tlog
c:\users\sai narayan\documents\visual studio 2015\projects\physicsframework\physicsframework\x64\release\physicsframework.tlog\rc.read.1.tlog
c:\users\sai narayan\documents\visual studio 2015\projects\physicsframework\physicsframework\x64\release\physicsframework.tlog\rc.write.1.tlog
