  Box.cpp
c:\users\sai narayan\documents\visual studio 2015\projects\physicsframework\physicsframework\Collider.h(3): fatal error C1083: Cannot open include file: 'Eigen/Dense': No such file or directory
  Camera.cpp
  Component.cpp
  Constraint.cpp
c:\users\sai narayan\documents\visual studio 2015\projects\physicsframework\physicsframework\Collider.h(3): fatal error C1083: Cannot open include file: 'Eigen/Dense': No such file or directory
  Controller.cpp
  DebugFactory.cpp
c:\users\sai narayan\documents\visual studio 2015\projects\physicsframework\physicsframework\Collider.h(3): fatal error C1083: Cannot open include file: 'Eigen/Dense': No such file or directory
  DebugSettingsWidget.cpp
  Engine.cpp
c:\users\sai narayan\documents\visual studio 2015\projects\physicsframework\physicsframework\Collider.h(3): fatal error C1083: Cannot open include file: 'Eigen/Dense': No such file or directory
  EngineStateManager.cpp
  FrameRateController.cpp
  GameObject.cpp
  GameObjectFactory.cpp
c:\users\sai narayan\documents\visual studio 2015\projects\physicsframework\physicsframework\Collider.h(3): fatal error C1083: Cannot open include file: 'Eigen/Dense': No such file or directory
  ImGuiManager.cpp
C:\Program Files (x86)\Windows Kits\8.1\Include\shared\minwindef.h(60): warning C4005: 'MAX_PATH': macro redefinition
  c:\users\sai narayan\documents\visual studio 2015\projects\physicsframework\physicsframework\Resource.h(15): note: see previous definition of 'MAX_PATH'
C:\Program Files (x86)\Windows Kits\8.1\Include\shared\minwindef.h(130): warning C4005: 'APIENTRY': macro redefinition
  C:\Users\Sai Narayan\documents\visual studio 2015\Projects\PhysicsFramework\Dependencies\glfw-3.2.1.bin.WIN64\include\GLFW/glfw3.h(98): note: see previous definition of 'APIENTRY'
  InputManager.cpp
  main.cpp
  Mesh.cpp
Mesh.cpp(89): warning C4244: '=': conversion from 'long' to 'float', possible loss of data
Mesh.cpp(117): warning C4244: '=': conversion from 'long' to 'float', possible loss of data
  ContactConstraint.cpp
c:\users\sai narayan\documents\visual studio 2015\projects\physicsframework\physicsframework\ContactConstraint.h(2): fatal error C1083: Cannot open include file: 'Eigen/Dense': No such file or directory
  Physics.cpp
c:\users\sai narayan\documents\visual studio 2015\projects\physicsframework\physicsframework\Collider.h(3): fatal error C1083: Cannot open include file: 'Eigen/Dense': No such file or directory
  PhysicsManager.cpp
c:\users\sai narayan\documents\visual studio 2015\projects\physicsframework\physicsframework\Collider.h(3): fatal error C1083: Cannot open include file: 'Eigen/Dense': No such file or directory
  Primitive.cpp
  Compiling...
  Sprite.cpp
  Renderer.cpp
c:\users\sai narayan\documents\visual studio 2015\projects\physicsframework\physicsframework\Collider.h(3): fatal error C1083: Cannot open include file: 'Eigen/Dense': No such file or directory
  ResourceManager.cpp
c:\users\sai narayan\documents\visual studio 2015\projects\physicsframework\physicsframework\Collider.h(3): fatal error C1083: Cannot open include file: 'Eigen/Dense': No such file or directory
  ShaderProgram.cpp
  Transform.cpp
  UtilityFunctions.cpp
c:\users\sai narayan\documents\visual studio 2015\projects\physicsframework\physicsframework\Collider.h(3): fatal error C1083: Cannot open include file: 'Eigen/Dense': No such file or directory
  WaveSolver.cpp
c:\users\sai narayan\documents\visual studio 2015\projects\physicsframework\physicsframework\WaveSolver.h(19): warning C4244: 'initializing': conversion from 'int' to 'float', possible loss of data
c:\users\sai narayan\documents\visual studio 2015\projects\physicsframework\physicsframework\WaveSolver.h(20): warning C4244: 'initializing': conversion from 'int' to 'float', possible loss of data
WaveSolver.cpp(100): warning C4244: 'argument': conversion from 'int' to 'float', possible loss of data
WaveSolver.cpp(215): warning C4244: '=': conversion from 'int' to 'float', possible loss of data
WaveSolver.cpp(216): warning C4244: '=': conversion from 'int' to 'float', possible loss of data
  WindowManager.cpp
  WindowMenuBarWidget.cpp
  WorldOutlinerWidget.cpp
c:\users\sai narayan\documents\visual studio 2015\projects\physicsframework\physicsframework\Collider.h(3): fatal error C1083: Cannot open include file: 'Eigen/Dense': No such file or directory
