  WindowManager.cpp
  DebugVertexShader.glsl
c:\users\sai narayan\documents\visual studio 2015\projects\physicsframework\physicsframework\debugvertexshader.glsl(1): fatal error C1021: invalid preprocessor command 'version'
  Transform.cpp
c:\users\sai narayan\documents\visual studio 2015\projects\physicsframework\physicsframework\transform.h(12): fatal error C1083: Cannot open include file: 'glm/mat3x3.hpp': No such file or directory
  Subject.cpp
c:\users\sai narayan\documents\visual studio 2015\projects\physicsframework\physicsframework\subject.cpp(5): warning C4018: '<': signed/unsigned mismatch
c:\users\sai narayan\documents\visual studio 2015\projects\physicsframework\physicsframework\subject.cpp(31): warning C4018: '<': signed/unsigned mismatch
c:\users\sai narayan\documents\visual studio 2015\projects\physicsframework\physicsframework\subject.cpp(36): warning C4018: '<': signed/unsigned mismatch
  ShaderProgram.cpp
c:\users\sai narayan\documents\visual studio 2015\projects\physicsframework\physicsframework\renderer.h(7): fatal error C1083: Cannot open include file: 'glm/vec2.hpp': No such file or directory
  ResourceManager.cpp
c:\users\sai narayan\documents\visual studio 2015\projects\physicsframework\physicsframework\resourcemanager.cpp(7): fatal error C1083: Cannot open include file: 'SOIL.h': No such file or directory
  Renderer.cpp
c:\users\sai narayan\documents\visual studio 2015\projects\physicsframework\physicsframework\renderer.cpp(1): fatal error C1083: Cannot open include file: 'glm/gtc/matrix_transform.hpp': No such file or directory
  Sprite.cpp
c:\users\sai narayan\documents\visual studio 2015\projects\physicsframework\physicsframework\vertex.h(2): fatal error C1083: Cannot open include file: 'glm/vec3.hpp': No such file or directory
  Resource.cpp
c:\program files (x86)\windows kits\8.1\include\shared\minwindef.h(60): warning C4005: 'MAX_PATH': macro redefinition
  c:\users\sai narayan\documents\visual studio 2015\projects\physicsframework\physicsframework\resource.h(15): note: see previous definition of 'MAX_PATH'
c:\users\sai narayan\documents\visual studio 2015\projects\physicsframework\physicsframework\resource.cpp(361): error C4996: 'strcpy': This function or variable may be unsafe. Consider using strcpy_s instead. To disable deprecation, use _CRT_SECURE_NO_WARNINGS. See online help for details.
  c:\program files (x86)\windows kits\10\include\10.0.10240.0\ucrt\string.h(119): note: see declaration of 'strcpy'
c:\users\sai narayan\documents\visual studio 2015\projects\physicsframework\physicsframework\resource.cpp(373): error C4996: 'strncpy': This function or variable may be unsafe. Consider using strncpy_s instead. To disable deprecation, use _CRT_SECURE_NO_WARNINGS. See online help for details.
  c:\program files (x86)\windows kits\10\include\10.0.10240.0\ucrt\string.h(346): note: see declaration of 'strncpy'
c:\users\sai narayan\documents\visual studio 2015\projects\physicsframework\physicsframework\resource.cpp(690): error C4996: 'strcpy': This function or variable may be unsafe. Consider using strcpy_s instead. To disable deprecation, use _CRT_SECURE_NO_WARNINGS. See online help for details.
  c:\program files (x86)\windows kits\10\include\10.0.10240.0\ucrt\string.h(119): note: see declaration of 'strcpy'
  Primitive.cpp
c:\users\sai narayan\documents\visual studio 2015\projects\physicsframework\physicsframework\vertex.h(2): fatal error C1083: Cannot open include file: 'glm/vec3.hpp': No such file or directory
  PhysicsManager.cpp
c:\users\sai narayan\documents\visual studio 2015\projects\physicsframework\physicsframework\physicsmanager.cpp(1): fatal error C1083: Cannot open include file: 'glm/glm.hpp': No such file or directory
  Physics.cpp
c:\users\sai narayan\documents\visual studio 2015\projects\physicsframework\physicsframework\physics.h(2): fatal error C1083: Cannot open include file: 'glm/vec3.hpp': No such file or directory
  Object.cpp
  Mesh.cpp
c:\users\sai narayan\documents\visual studio 2015\projects\physicsframework\physicsframework\vertex.h(2): fatal error C1083: Cannot open include file: 'glm/vec3.hpp': No such file or directory
  main.cpp
  InputManager.cpp
c:\users\sai narayan\documents\visual studio 2015\projects\physicsframework\physicsframework\inputmanager.h(2): fatal error C1083: Cannot open include file: 'glm/vec2.hpp': No such file or directory
  GameObjectFactory.cpp
c:\users\sai narayan\documents\visual studio 2015\projects\physicsframework\physicsframework\renderer.h(7): fatal error C1083: Cannot open include file: 'glm/vec2.hpp': No such file or directory
  GameObject.cpp
c:\users\sai narayan\documents\visual studio 2015\projects\physicsframework\physicsframework\gameobject.cpp(21): warning C4018: '<': signed/unsigned mismatch
c:\users\sai narayan\documents\visual studio 2015\projects\physicsframework\physicsframework\gameobject.cpp(29): warning C4018: '<': signed/unsigned mismatch
c:\users\sai narayan\documents\visual studio 2015\projects\physicsframework\physicsframework\gameobject.cpp(41): warning C4018: '<': signed/unsigned mismatch
  FrameRateController.cpp
  Event.cpp
  Generating Code...
  Compiling...
  Engine.cpp
c:\users\sai narayan\documents\visual studio 2015\projects\physicsframework\physicsframework\engine.cpp(1): fatal error C1083: Cannot open include file: 'glm/gtc/random.hpp': No such file or directory
  Camera.cpp
c:\users\sai narayan\documents\visual studio 2015\projects\physicsframework\physicsframework\camera.h(2): fatal error C1083: Cannot open include file: 'glm\vec3.hpp': No such file or directory
  Generating Code...
