c:\users\sai narayan\documents\visual studio 2015\projects\physicsframework\physicsframework\x64\debug\vc140.pdb
c:\users\sai narayan\documents\visual studio 2015\projects\physicsframework\physicsframework\x64\debug\vc140.idb
c:\users\sai narayan\documents\visual studio 2015\projects\physicsframework\physicsframework\x64\debug\imguimanager.obj
c:\users\sai narayan\documents\visual studio 2015\projects\physicsframework\physicsframework\x64\debug\inputmanager.obj
c:\users\sai narayan\documents\visual studio 2015\projects\physicsframework\physicsframework\x64\debug\main.obj
c:\users\sai narayan\documents\visual studio 2015\projects\physicsframework\physicsframework\x64\debug\mesh.obj
c:\users\sai narayan\documents\visual studio 2015\projects\physicsframework\physicsframework\x64\debug\object.obj
c:\users\sai narayan\documents\visual studio 2015\projects\physicsframework\physicsframework\x64\debug\physics.obj
c:\users\sai narayan\documents\visual studio 2015\projects\physicsframework\physicsframework\x64\debug\physicsmanager.obj
c:\users\sai narayan\documents\visual studio 2015\projects\physicsframework\physicsframework\x64\debug\primitive.obj
c:\users\sai narayan\documents\visual studio 2015\projects\physicsframework\physicsframework\x64\debug\resource.obj
c:\users\sai narayan\documents\visual studio 2015\projects\physicsframework\physicsframework\x64\debug\sprite.obj
c:\users\sai narayan\documents\visual studio 2015\projects\physicsframework\physicsframework\x64\debug\renderer.obj
c:\users\sai narayan\documents\visual studio 2015\projects\physicsframework\physicsframework\x64\debug\resourcemanager.obj
c:\users\sai narayan\documents\visual studio 2015\projects\physicsframework\physicsframework\x64\debug\shaderprogram.obj
c:\users\sai narayan\documents\visual studio 2015\projects\physicsframework\physicsframework\x64\debug\subject.obj
c:\users\sai narayan\documents\visual studio 2015\projects\physicsframework\physicsframework\x64\debug\transform.obj
c:\users\sai narayan\documents\visual studio 2015\projects\physicsframework\physicsframework\x64\debug\utilityfunctions.obj
c:\users\sai narayan\documents\visual studio 2015\projects\physicsframework\physicsframework\x64\debug\wavesolver.obj
c:\users\sai narayan\documents\visual studio 2015\projects\physicsframework\physicsframework\x64\debug\windowmanager.obj
c:\users\sai narayan\documents\visual studio 2015\projects\physicsframework\physicsframework\x64\debug\windowmenubarwidget.obj
c:\users\sai narayan\documents\visual studio 2015\projects\physicsframework\physicsframework\x64\debug\worldoutlinerwidget.obj
c:\users\sai narayan\documents\visual studio 2015\projects\physicsframework\physicsframework\x64\debug\arrow.obj
c:\users\sai narayan\documents\visual studio 2015\projects\physicsframework\physicsframework\x64\debug\camera.obj
c:\users\sai narayan\documents\visual studio 2015\projects\physicsframework\physicsframework\x64\debug\component.obj
c:\users\sai narayan\documents\visual studio 2015\projects\physicsframework\physicsframework\x64\debug\controller.obj
c:\users\sai narayan\documents\visual studio 2015\projects\physicsframework\physicsframework\x64\debug\debugfactory.obj
c:\users\sai narayan\documents\visual studio 2015\projects\physicsframework\physicsframework\x64\debug\debugsettingswidget.obj
c:\users\sai narayan\documents\visual studio 2015\projects\physicsframework\physicsframework\x64\debug\engine.obj
c:\users\sai narayan\documents\visual studio 2015\projects\physicsframework\physicsframework\x64\debug\enginestatemanager.obj
c:\users\sai narayan\documents\visual studio 2015\projects\physicsframework\physicsframework\x64\debug\event.obj
c:\users\sai narayan\documents\visual studio 2015\projects\physicsframework\physicsframework\x64\debug\frameratecontroller.obj
c:\users\sai narayan\documents\visual studio 2015\projects\physicsframework\physicsframework\x64\debug\gameobject.obj
c:\users\sai narayan\documents\visual studio 2015\projects\physicsframework\physicsframework\x64\debug\gameobjectfactory.obj
c:\users\sai narayan\documents\visual studio 2015\projects\physicsframework\x64\debug\physicsframework.ilk
c:\users\sai narayan\documents\visual studio 2015\projects\physicsframework\x64\debug\physicsframework.exe
c:\users\sai narayan\documents\visual studio 2015\projects\physicsframework\x64\debug\physicsframework.pdb
c:\users\sai narayan\documents\visual studio 2015\projects\physicsframework\physicsframework\x64\debug\physicsframework.res
c:\users\sai narayan\documents\visual studio 2015\projects\physicsframework\physicsframework\x64\debug\physicsframework.tlog\cl.command.1.tlog
c:\users\sai narayan\documents\visual studio 2015\projects\physicsframework\physicsframework\x64\debug\physicsframework.tlog\cl.read.1.tlog
c:\users\sai narayan\documents\visual studio 2015\projects\physicsframework\physicsframework\x64\debug\physicsframework.tlog\cl.write.1.tlog
c:\users\sai narayan\documents\visual studio 2015\projects\physicsframework\physicsframework\x64\debug\physicsframework.tlog\link.command.1.tlog
c:\users\sai narayan\documents\visual studio 2015\projects\physicsframework\physicsframework\x64\debug\physicsframework.tlog\link.read.1.tlog
c:\users\sai narayan\documents\visual studio 2015\projects\physicsframework\physicsframework\x64\debug\physicsframework.tlog\link.write.1.tlog
c:\users\sai narayan\documents\visual studio 2015\projects\physicsframework\physicsframework\x64\debug\physicsframework.tlog\rc.command.1.tlog
c:\users\sai narayan\documents\visual studio 2015\projects\physicsframework\physicsframework\x64\debug\physicsframework.tlog\rc.read.1.tlog
c:\users\sai narayan\documents\visual studio 2015\projects\physicsframework\physicsframework\x64\debug\physicsframework.tlog\rc.write.1.tlog
